#
# There is insufficient memory for the Java Runtime Environment to continue.
# Native memory allocation (malloc) failed to allocate 1048576 bytes for AllocateHeap
# Possible reasons:
#   The system is out of physical RAM or swap space
#   In 32 bit mode, the process size limit was hit
# Possible solutions:
#   Reduce memory load on the system
#   Increase physical memory or swap space
#   Check if swap backing store is full
#   Use 64 bit Java on a 64 bit OS
#   Decrease Java heap size (-Xmx/-Xms)
#   Decrease number of Java threads
#   Decrease Java thread stack sizes (-Xss)
#   Set larger code cache with -XX:ReservedCodeCacheSize=
# This output file may be truncated or incomplete.
#
#  Out of Memory Error (memory/allocation.inline.hpp:61), pid=6244, tid=0x0000000000000460
#
# JRE version:  (8.0_111-b14) (build )
# Java VM: Java HotSpot(TM) 64-Bit Server VM (25.111-b14 mixed mode windows-amd64 compressed oops)
# Failed to write core dump. Minidumps are not enabled by default on client versions of Windows
#

---------------  T H R E A D  ---------------

Current thread (0x0000000002b82800):  JavaThread "Unknown thread" [_thread_in_vm, id=1120, stack(0x00000000029c0000,0x0000000002ac0000)]

Stack: [0x00000000029c0000,0x0000000002ac0000]
[error occurred during error reporting (printing stack bounds), id 0xc0000005]

Native frames: (J=compiled Java code, j=interpreted, Vv=VM code, C=native code)


---------------  P R O C E S S  ---------------

Java Threads: ( => current thread )

Other Threads:

=>0x0000000002b82800 (exited) JavaThread "Unknown thread" [_thread_in_vm, id=1120, stack(0x00000000029c0000,0x0000000002ac0000)]

VM state:not at safepoint (normal execution)

VM Mutex/Monitor currently owned by a thread: None

Heap:
 PSYoungGen      total 2048K, used 30K [0x00000000eaf80000, 0x00000000eb200000, 0x0000000100000000)
  eden space 1536K, 2% used [0x00000000eaf80000,0x00000000eaf87af0,0x00000000eb100000)
  from space 512K, 0% used [0x00000000eb180000,0x00000000eb180000,0x00000000eb200000)
  to   space 512K, 0% used [0x00000000eb100000,0x00000000eb100000,0x00000000eb180000)
 ParOldGen       total 5632K, used 0K [0x00000000c0e00000, 0x00000000c1380000, 0x00000000eaf80000)
  object space 5632K, 0% used [0x00000000c0e00000,0x00000000c0e00000,0x00000000c1380000)
 Metaspace       used 783K, capacity 1092K, committed 1152K, reserved 1060864K
  class space    used 75K, capacity 384K, committed 384K, reserved 1048576K

Card table byte_map: [0x0000000012130000,0x0000000012330000] byte_map_base: 0x0000000011b29000

Marking Bits: (ParMarkBitMap*) 0x0000000051b1a6c0
 Begin Bits: [0x0000000012890000, 0x0000000013858000)
 End Bits:   [0x0000000013858000, 0x0000000014820000)

Polling page: 0x0000000000d30000

CodeCache: size=245760Kb used=328Kb max_used=328Kb free=245431Kb
 bounds [0x0000000002d70000, 0x0000000002fe0000, 0x0000000011d70000]
 total_blobs=58 nmethods=0 adapters=38
 compilation: enabled

Compilation events (0 events):
No events

GC Heap History (0 events):
No events

Deoptimization events (0 events):
No events

Internal exceptions (0 events):
No events

Events (10 events):
Event: 0.072 loading class java/lang/Short
Event: 0.072 loading class java/lang/Short done
Event: 0.072 loading class java/lang/Integer
Event: 0.072 loading class java/lang/Integer done
Event: 0.072 loading class java/lang/Long
Event: 0.072 loading class java/lang/Long done
Event: 0.073 loading class java/lang/NullPointerException
Event: 0.073 loading class java/lang/NullPointerException done
Event: 0.073 loading class java/lang/ArithmeticException
Event: 0.073 loading class java/lang/ArithmeticException done


Dynamic libraries:
0x00007ff6cdaa0000 - 0x00007ff6cdaa7000 	C:\Program Files\Java\jdk1.8.0_111\bin\javac.exe
0x00007ffde8380000 - 0x00007ffde8542000 	C:\Windows\SYSTEM32\ntdll.dll
0x00007ffde5ab0000 - 0x00007ffde5b5d000 	C:\Windows\system32\KERNEL32.DLL
0x00007ffde55f0000 - 0x00007ffde57cd000 	C:\Windows\system32\KERNELBASE.dll
0x0000000050d70000 - 0x0000000050d9f000 	C:\Program Files\Java\jdk1.8.0_111\bin\jli.dll
0x0000000050da0000 - 0x0000000050e72000 	C:\Program Files\Java\jdk1.8.0_111\bin\MSVCR100.dll
0x00007ffde8180000 - 0x00007ffde8226000 	C:\Windows\system32\ADVAPI32.dll
0x00007ffde7c80000 - 0x00007ffde7d1d000 	C:\Windows\system32\msvcrt.dll
0x00007ffde8320000 - 0x00007ffde837b000 	C:\Windows\system32\sechost.dll
0x00007ffde5f50000 - 0x00007ffde6076000 	C:\Windows\system32\RPCRT4.dll
0x00007ffde5b60000 - 0x00007ffde5cae000 	C:\Windows\system32\USER32.dll
0x00007ffde63b0000 - 0x00007ffde6535000 	C:\Windows\system32\GDI32.dll
0x00007ffddd2c0000 - 0x00007ffddd534000 	C:\Windows\WinSxS\amd64_microsoft.windows.common-controls_6595b64144ccf1df_6.0.10240.16384_none_f41f7b285750ef43\COMCTL32.dll
0x00007ffde7d20000 - 0x00007ffde7d56000 	C:\Windows\system32\IMM32.DLL
0x00007ffde6090000 - 0x00007ffde61ec000 	C:\Windows\system32\MSCTF.dll
0x0000000051220000 - 0x00000000512f2000 	C:\Program Files\Java\jdk1.8.0_111\jre\bin\msvcr100.dll
0x0000000051300000 - 0x0000000051b9a000 	C:\Program Files\Java\jdk1.8.0_111\jre\bin\server\jvm.dll
0x00007ffde6080000 - 0x00007ffde6088000 	C:\Windows\system32\PSAPI.DLL
0x00007ffddc960000 - 0x00007ffddc983000 	C:\Windows\SYSTEM32\WINMM.dll
0x00007ffddd570000 - 0x00007ffddd57a000 	C:\Windows\SYSTEM32\VERSION.dll
0x00007ffdbd560000 - 0x00007ffdbd569000 	C:\Windows\SYSTEM32\WSOCK32.dll
0x00007ffde82b0000 - 0x00007ffde8319000 	C:\Windows\system32\WS2_32.dll
0x00007ffde61f0000 - 0x00007ffde61f8000 	C:\Windows\system32\NSI.dll
0x00007ffddc930000 - 0x00007ffddc95c000 	C:\Windows\SYSTEM32\WINMMBASE.dll
0x00007ffde4e50000 - 0x00007ffde4e94000 	C:\Windows\system32\cfgmgr32.dll
0x00007ffde3720000 - 0x00007ffde3747000 	C:\Windows\SYSTEM32\DEVOBJ.dll
0x00000000511d0000 - 0x00000000511df000 	C:\Program Files\Java\jdk1.8.0_111\jre\bin\verify.dll
0x00000000511a0000 - 0x00000000511c9000 	C:\Program Files\Java\jdk1.8.0_111\jre\bin\java.dll
0x0000000051180000 - 0x0000000051196000 	C:\Program Files\Java\jdk1.8.0_111\jre\bin\zip.dll

VM Arguments:
jvm_args: -Dapplication.home=C:\Program Files\Java\jdk1.8.0_111 -Xms8m 
java_command: com.sun.tools.javac.Main -d D:\Projects\WEB\HTML CSS JS\ancieen projet\NetBeansProjects\Essai2\build\classes -classpath D:\Projects\WEB\HTML CSS JS\ancieen projet\NetBeansProjects\Essai2\build\classes;C:\Program Files\NetBeans 8.2\java\modules\ext\AbsoluteLayout.jar;D:\Projects\WEB\HTML CSS JS\ancieen projet\NetBeansProjects\CAISSE\dist\lib\mysql-connector-java-5.1.23-bin.jar -sourcepath D:\Projects\WEB\HTML CSS JS\ancieen projet\NetBeansProjects\Essai2\build\empty -target 1.8 -encoding UTF-8 -g -processorpath D:\Projects\WEB\HTML CSS JS\Videos\Captures\Super Market Project\Super Market Project\Super Market Code\SanaSuperMarke\dist\lib\mysql-connector-java-5.1.48.jar;C:\Program Files\NetBeans 8.2\java\modules\ext\AbsoluteLayout.jar;D:\Projects\WEB\HTML CSS JS\ancieen projet\NetBeansProjects\CAISSE\dist\lib\mysql-connector-java-5.1.23-bin.jar;D:\Projects\WEB\HTML CSS JS\ancieen projet\NetBeansProjects\Essai2\build\empty -s D:\Projects\WEB\HTML CSS JS\ancieen projet\NetBeansProjects\Essai2\build\generated-sources\ap-source-output -source 1.8 D:\Projects\WEB\HTML CSS JS\ancieen projet\NetBeansProjects\Essai2\src\src\Accueil.java D:\Projects\WEB\HTML CSS JS\ancieen projet\NetBeansProjects\Essai2\src\src\Brand.java D:\Projects\WEB\HTML CSS JS\ancieen projet\NetBeansProjects\Essai2\src\src\Caissier.java D:\Projects\WEB\HTML CSS JS\ancieen projet\NetBeansProjects\Essai2\src\src\Cat.java D:\Projects\WEB\HTML CSS JS\ancieen projet\NetBeansProjects\Essai2\src\src\DbUtils.java D:\Projects\WEB\HTML CSS JS\ancieen projet\NetBeansProjects\Essai2\src\src\ListeProduitVendu.java D:\Projects\WEB\HTML CSS JS\ancieen projet\NetBeansProjects\Essai2\src\src\ListeVente.java D:\Projects\WEB\HTML CSS JS\ancieen projet\NetBeansProjects\Essai2\src\src\Login.java D:\Projects\WEB\HTML CSS JS\ancieen projet\NetBeansProjects\Essai2\src\src\Prduct.java D:\Projects\WEB\HTML CSS JS\ancieen projet\NetBeansProjects\Essai2\src\src\Splash.java D:\Projects\WEB\HTML CSS JS\ancieen projet\N
java_class_path (initial): C:\Program Files\Java\jdk1.8.0_111/lib/tools.jar;C:\Program Files\Java\jdk1.8.0_111/classes
Launcher Type: SUN_STANDARD

Environment Variables:
JAVA_HOME=C:\Program Files\Java\jdk1.8.0_111
PATH=C:\Program Files\Common Files\Oracle\Java\javapath;C:\Program Files (x86)\Intel\iCLS Client\;C:\Program Files\Intel\iCLS Client\;C:\Windows\system32;C:\Windows;C:\Windows\System32\Wbem;C:\Windows\System32\WindowsPowerShell\v1.0\;C:\Program Files (x86)\Intel\Intel(R) Management Engine Components\DAL;C:\Program Files\Intel\Intel(R) Management Engine Components\DAL;C:\Program Files (x86)\Intel\Intel(R) Management Engine Components\IPT;C:\Program Files\Intel\Intel(R) Management Engine Components\IPT;C:\Program Files\Java\jdk1.8.0_111\bin;C:\Program Files\Java\jre1.8.0_333\bin;C:\Program Files\nodejs\; C:\Users\ZIAK\AppData\Roaming\npm;C:\Program Files\MongoDB\Server\5.0\bin;C:\Program Files\Git\cmd;C:\Program Files (x86)\Paragon Software\LinuxFS for Windows\;C:\Program Files (x86)\Cracklock\Bin;C:\Users\ZIAK\AppData\Local\Programs\Microsoft VS Code\bin;C:\Users\ZIAK\AppData\Roaming\npm;C:\flutter\bin
USERNAME=ZIAK
OS=Windows_NT
PROCESSOR_IDENTIFIER=Intel64 Family 6 Model 69 Stepping 1, GenuineIntel



---------------  S Y S T E M  ---------------

OS: Windows 10.0 , 64 bit Build 10240 (10.0.10240.16384)

CPU:total 4 (2 cores per cpu, 2 threads per core) family 6 model 69 stepping 1, cmov, cx8, fxsr, mmx, sse, sse2, sse3, ssse3, sse4.1, sse4.2, popcnt, avx, avx2, aes, clmul, erms, lzcnt, ht, tsc, tscinvbit, bmi1, bmi2

Memory: 4k page, physical 4129068k(588880k free), swap 4129068k(5576k free)

vm_info: Java HotSpot(TM) 64-Bit Server VM (25.111-b14) for windows-amd64 JRE (1.8.0_111-b14), built on Sep 22 2016 19:24:05 by "java_re" with MS VC++ 10.0 (VS2010)

time: Sat Dec 10 15:16:26 2022
elapsed time: 0 seconds (0d 0h 0m 0s)

